\BOOKMARK [0][-]{chapter.1}{Introduction}{}
\BOOKMARK [1][-]{section.1.1}{Overview}{chapter.1}
\BOOKMARK [1][-]{section.1.2}{Background and Significance}{chapter.1}
\BOOKMARK [1][-]{section.1.3}{Relevance}{chapter.1}
\BOOKMARK [1][-]{section.1.4}{Scope}{chapter.1}
\BOOKMARK [1][-]{section.1.5}{Technical Overview}{chapter.1}
\BOOKMARK [2][-]{subsection.1.5.1}{User Interface}{section.1.5}
\BOOKMARK [2][-]{subsection.1.5.2}{Application Server}{section.1.5}
\BOOKMARK [2][-]{subsection.1.5.3}{Users and Use Cases}{section.1.5}
\BOOKMARK [2][-]{subsection.1.5.4}{Technical Environment}{section.1.5}
\BOOKMARK [2][-]{subsection.1.5.5}{Constraints}{section.1.5}
\BOOKMARK [2][-]{subsection.1.5.6}{Assumptions and Dependencies}{section.1.5}
\BOOKMARK [0][-]{chapter.2}{System Requirement Specifications}{}
\BOOKMARK [1][-]{section.2.1}{External Interface Requirements}{chapter.2}
\BOOKMARK [2][-]{subsection.2.1.1}{Intact Robotics Haptics Arm}{section.2.1}
\BOOKMARK [2][-]{subsection.2.1.2}{Graphical User Interface}{section.2.1}
\BOOKMARK [1][-]{section.2.2}{Functional Requirements}{chapter.2}
\BOOKMARK [0][-]{chapter.3}{Design}{}
\BOOKMARK [1][-]{section.3.1}{Analysis}{chapter.3}
\BOOKMARK [1][-]{section.3.2}{Implementation}{chapter.3}
\BOOKMARK [0][-]{chapter.4}{Testing and Validation}{}
\BOOKMARK [1][-]{section.4.1}{Testing}{chapter.4}
\BOOKMARK [1][-]{section.4.2}{Validation}{chapter.4}
\BOOKMARK [0][-]{chapter.5}{Next Steps}{}
